<?xml version="1.0" encoding="UTF-8"?>
<coverage generated="1675247079828" clover="3.2.0">
  <project timestamp="1675247079828" name="All files">
    <metrics statements="22" coveredstatements="22" conditionals="10" coveredconditionals="10" methods="1" coveredmethods="1" elements="33" coveredelements="33" complexity="0" loc="22" ncloc="22" packages="1" files="1" classes="1"/>
    <file name="fizzBuzz.ts" path="/home/2210-13-ja/Developer/academy/training/fizz-buzz/src/fizzBuzz.ts">
      <metrics statements="22" coveredstatements="22" conditionals="10" coveredconditionals="10" methods="1" coveredmethods="1"/>
      <line num="1" count="1" type="cond" truecount="1" falsecount="0"/>
      <line num="2" count="3" type="cond" truecount="1" falsecount="0"/>
      <line num="3" count="2" type="stmt"/>
      <line num="5" count="1" type="stmt"/>
      <line num="6" count="1" type="stmt"/>
      <line num="7" count="15" type="cond" truecount="4" falsecount="0"/>
      <line num="8" count="1" type="stmt"/>
      <line num="9" count="1" type="stmt"/>
      <line num="11" count="14" type="cond" truecount="2" falsecount="0"/>
      <line num="12" count="4" type="stmt"/>
      <line num="13" count="4" type="stmt"/>
      <line num="15" count="10" type="cond" truecount="2" falsecount="0"/>
      <line num="16" count="2" type="stmt"/>
      <line num="17" count="2" type="stmt"/>
      <line num="20" count="8" type="stmt"/>
      <line num="21" count="8" type="stmt"/>
      <line num="24" count="1" type="stmt"/>
      <line num="25" count="1" type="stmt"/>
      <line num="26" count="1" type="stmt"/>
      <line num="27" count="1" type="stmt"/>
      <line num="28" count="1" type="stmt"/>
      <line num="29" count="1" type="stmt"/>
    </file>
  </project>
</coverage>
