{"/home/2210-13-ja/Developer/academy/training/fizz-buzz/src/fizzBuzz.ts": {"path":"/home/2210-13-ja/Developer/academy/training/fizz-buzz/src/fizzBuzz.ts","statementMap":{"0":{"start":{"line":2,"column":4},"end":{"line":4,"column":null}},"1":{"start":{"line":3,"column":8},"end":{"line":3,"column":18}},"2":{"start":{"line":5,"column":24},"end":{"line":5,"column":26}},"3":{"start":{"line":6,"column":4},"end":{"line":23,"column":null}},"4":{"start":{"line":6,"column":23},"end":{"line":6,"column":24}},"5":{"start":{"line":7,"column":8},"end":{"line":22,"column":null}},"6":{"start":{"line":8,"column":27},"end":{"line":8,"column":39}},"7":{"start":{"line":9,"column":12},"end":{"line":9,"column":37}},"8":{"start":{"line":11,"column":13},"end":{"line":22,"column":null}},"9":{"start":{"line":12,"column":27},"end":{"line":12,"column":35}},"10":{"start":{"line":13,"column":12},"end":{"line":13,"column":37}},"11":{"start":{"line":15,"column":13},"end":{"line":22,"column":null}},"12":{"start":{"line":16,"column":27},"end":{"line":16,"column":35}},"13":{"start":{"line":17,"column":12},"end":{"line":17,"column":37}},"14":{"start":{"line":20,"column":27},"end":{"line":20,"column":47}},"15":{"start":{"line":21,"column":12},"end":{"line":21,"column":37}},"16":{"start":{"line":24,"column":22},"end":{"line":24,"column":42}},"17":{"start":{"line":25,"column":22},"end":{"line":25,"column":56}},"18":{"start":{"line":26,"column":4},"end":{"line":26,"column":null}},"19":{"start":{"line":27,"column":4},"end":{"line":27,"column":22}},"20":{"start":{"line":28,"column":4},"end":{"line":28,"column":32}},"21":{"start":{"line":29,"column":4},"end":{"line":29,"column":32}},"22":{"start":{"line":1,"column":0},"end":{"line":1,"column":16}}},"fnMap":{"0":{"name":"fizzBuzz","decl":{"start":{"line":1,"column":16},"end":{"line":1,"column":24}},"loc":{"start":{"line":1,"column":39},"end":{"line":30,"column":1}}}},"branchMap":{"0":{"loc":{"start":{"line":1,"column":25},"end":{"line":1,"column":39}},"type":"default-arg","locations":[{"start":{"line":1,"column":38},"end":{"line":1,"column":39}}]},"1":{"loc":{"start":{"line":2,"column":4},"end":{"line":4,"column":null}},"type":"if","locations":[{"start":{"line":2,"column":4},"end":{"line":4,"column":null}}]},"2":{"loc":{"start":{"line":7,"column":8},"end":{"line":22,"column":null}},"type":"if","locations":[{"start":{"line":7,"column":8},"end":{"line":22,"column":null}},{"start":{"line":11,"column":13},"end":{"line":22,"column":null}}]},"3":{"loc":{"start":{"line":7,"column":11},"end":{"line":7,"column":39}},"type":"binary-expr","locations":[{"start":{"line":7,"column":11},"end":{"line":7,"column":24}},{"start":{"line":7,"column":26},"end":{"line":7,"column":39}}]},"4":{"loc":{"start":{"line":11,"column":13},"end":{"line":22,"column":null}},"type":"if","locations":[{"start":{"line":11,"column":13},"end":{"line":22,"column":null}},{"start":{"line":15,"column":13},"end":{"line":22,"column":null}}]},"5":{"loc":{"start":{"line":15,"column":13},"end":{"line":22,"column":null}},"type":"if","locations":[{"start":{"line":15,"column":13},"end":{"line":22,"column":null}},{"start":{"line":19,"column":12},"end":{"line":22,"column":null}}]}},"s":{"0":3,"1":2,"2":1,"3":1,"4":1,"5":15,"6":1,"7":1,"8":14,"9":4,"10":4,"11":10,"12":2,"13":2,"14":8,"15":8,"16":1,"17":1,"18":1,"19":1,"20":1,"21":1,"22":1},"f":{"0":3},"b":{"0":[1],"1":[2],"2":[1,14],"3":[15,5],"4":[4,10],"5":[2,8]}}
}
